<?xml version="1.0" encoding="UTF-8"?>
<testng-results skipped="0" failed="0" total="3" passed="3">
  <reporter-output>
  </reporter-output>
  <suite name="Sample test Suite" duration-ms="151270" started-at="2019-10-25T06:26:59Z" finished-at="2019-10-25T06:29:31Z">
    <groups>
    </groups>
    <test name="Sample test" duration-ms="151270" started-at="2019-10-25T06:26:59Z" finished-at="2019-10-25T06:29:31Z">
      <class name="com.training.sanity.tests.RealEstateRETC_018">
        <test-method status="PASS" signature="setUpBeforeClass1()[pri:0, instance:com.training.sanity.tests.RealEstateRETC_018@4563e9ab]" name="setUpBeforeClass1" is-config="true" duration-ms="0" started-at="2019-10-25T11:59:02Z" finished-at="2019-10-25T11:59:02Z">
          <reporter-output>
          </reporter-output>
        </test-method> <!-- setUpBeforeClass1 -->
        <test-method status="PASS" signature="setUp()[pri:0, instance:com.training.sanity.tests.RealEstateRETC_018@4563e9ab]" name="setUp" is-config="true" duration-ms="15834" started-at="2019-10-25T11:59:02Z" finished-at="2019-10-25T11:59:18Z">
          <reporter-output>
          </reporter-output>
        </test-method> <!-- setUp -->
        <test-method status="PASS" signature="validLoginTest()[pri:0, instance:com.training.sanity.tests.RealEstateRETC_018@4563e9ab]" name="validLoginTest" duration-ms="11093" started-at="2019-10-25T11:59:18Z" finished-at="2019-10-25T11:59:29Z">
          <reporter-output>
          </reporter-output>
        </test-method> <!-- validLoginTest -->
        <test-method status="PASS" signature="tearDown()[pri:0, instance:com.training.sanity.tests.RealEstateRETC_018@4563e9ab]" name="tearDown" is-config="true" duration-ms="1859" started-at="2019-10-25T11:59:29Z" finished-at="2019-10-25T11:59:31Z">
          <reporter-output>
          </reporter-output>
        </test-method> <!-- tearDown -->
      </class> <!-- com.training.sanity.tests.RealEstateRETC_018 -->
      <class name="com.training.sanity.tests.RealEstateRETC_016">
        <test-method status="PASS" signature="setUpBeforeClass1()[pri:0, instance:com.training.sanity.tests.RealEstateRETC_016@71c7db30]" name="setUpBeforeClass1" is-config="true" duration-ms="55" started-at="2019-10-25T11:56:59Z" finished-at="2019-10-25T11:56:59Z">
          <reporter-output>
          </reporter-output>
        </test-method> <!-- setUpBeforeClass1 -->
        <test-method status="PASS" signature="setUp()[pri:0, instance:com.training.sanity.tests.RealEstateRETC_016@71c7db30]" name="setUp" is-config="true" duration-ms="30522" started-at="2019-10-25T11:56:59Z" finished-at="2019-10-25T11:57:30Z">
          <reporter-output>
          </reporter-output>
        </test-method> <!-- setUp -->
        <test-method status="PASS" signature="validLoginTest()[pri:0, instance:com.training.sanity.tests.RealEstateRETC_016@71c7db30]" name="validLoginTest" duration-ms="22315" started-at="2019-10-25T11:57:30Z" finished-at="2019-10-25T11:57:52Z">
          <reporter-output>
          </reporter-output>
        </test-method> <!-- validLoginTest -->
        <test-method status="PASS" signature="tearDown()[pri:0, instance:com.training.sanity.tests.RealEstateRETC_016@71c7db30]" name="tearDown" is-config="true" duration-ms="1778" started-at="2019-10-25T11:57:52Z" finished-at="2019-10-25T11:57:54Z">
          <reporter-output>
          </reporter-output>
        </test-method> <!-- tearDown -->
      </class> <!-- com.training.sanity.tests.RealEstateRETC_016 -->
      <class name="com.training.sanity.tests.RealEstateRETC_017">
        <test-method status="PASS" signature="setUpBeforeClass1()[pri:0, instance:com.training.sanity.tests.RealEstateRETC_017@19bb089b]" name="setUpBeforeClass1" is-config="true" duration-ms="0" started-at="2019-10-25T11:57:54Z" finished-at="2019-10-25T11:57:54Z">
          <reporter-output>
          </reporter-output>
        </test-method> <!-- setUpBeforeClass1 -->
        <test-method status="PASS" signature="beforeMethod()[pri:0, instance:com.training.sanity.tests.RealEstateRETC_017@19bb089b]" name="beforeMethod" is-config="true" duration-ms="16125" started-at="2019-10-25T11:57:54Z" finished-at="2019-10-25T11:58:10Z">
          <reporter-output>
          </reporter-output>
        </test-method> <!-- beforeMethod -->
        <test-method status="PASS" signature="addNewPost()[pri:0, instance:com.training.sanity.tests.RealEstateRETC_017@19bb089b]" name="addNewPost" duration-ms="49884" started-at="2019-10-25T11:58:10Z" finished-at="2019-10-25T11:59:00Z">
          <reporter-output>
          </reporter-output>
        </test-method> <!-- addNewPost -->
        <test-method status="PASS" signature="tearDown()[pri:0, instance:com.training.sanity.tests.RealEstateRETC_017@19bb089b]" name="tearDown" is-config="true" duration-ms="1780" started-at="2019-10-25T11:59:00Z" finished-at="2019-10-25T11:59:02Z">
          <reporter-output>
          </reporter-output>
        </test-method> <!-- tearDown -->
      </class> <!-- com.training.sanity.tests.RealEstateRETC_017 -->
    </test> <!-- Sample test -->
  </suite> <!-- Sample test Suite -->
</testng-results>
