<?xml version="1.0" encoding="UTF-8"?>
<!-- Generated by org.testng.reporters.JUnitXMLReporter -->
<testsuite hostname="DESKTOP-HSI482M" name="Sample test" tests="7" failures="0" timestamp="28 Oct 2019 14:42:09 GMT" time="454.481" errors="0">
  <testcase name="validLoginTest" time="20.602" classname="com.training.sanity.tests.RealEstateRETC_016"/>
  <testcase name="addNewPost" time="52.525" classname="com.training.sanity.tests.RealEstateRETC_017"/>
  <testcase name="validLoginTest" time="13.898" classname="com.training.sanity.tests.RealEstateRETC_018"/>
  <testcase name="enterIntoBlog" time="84.949" classname="com.training.sanity.tests.RealEstateRETC_046"/>
  <testcase name="enterIntoComments" time="13.022" classname="com.training.sanity.tests.RealEstateRETC_046"/>
  <testcase name="OpsOnproperties" time="61.619" classname="com.training.sanity.tests.RealEstateRETC_047"/>
  <testcase name="restorePost" time="19.0" classname="com.training.sanity.tests.RealEstateRETC_048"/>
</testsuite> <!-- Sample test -->
